2025-03-24 18:24:15 [restartedMain] INFO  c.r.r.RickMortyWebApiApplication - Starting RickMortyWebApiApplication using Java 23.0.1 with PID 13664 (C:\Users\Użytkownik\IdeaProjects\rick-morty-app\rick-morty-web-api\build\classes\java\main started by Użytkownik in C:\Users\Użytkownik\IdeaProjects\rick-morty-app)
2025-03-24 18:24:15 [restartedMain] INFO  c.r.r.RickMortyWebApiApplication - No active profile set, falling back to 1 default profile: "default"
2025-03-24 18:24:15 [restartedMain] INFO  o.s.b.d.e.DevToolsPropertyDefaultsPostProcessor - Devtools property defaults active! Set 'spring.devtools.add-properties' to 'false' to disable
2025-03-24 18:24:15 [restartedMain] INFO  o.s.b.d.e.DevToolsPropertyDefaultsPostProcessor - For additional web related logging consider setting the 'logging.level.web' property to 'DEBUG'
2025-03-24 18:24:16 [restartedMain] INFO  o.s.d.r.c.RepositoryConfigurationDelegate - Bootstrapping Spring Data JPA repositories in DEFAULT mode.
2025-03-24 18:24:16 [restartedMain] INFO  o.s.d.r.c.RepositoryConfigurationDelegate - Finished Spring Data repository scanning in 56 ms. Found 2 JPA repository interfaces.
2025-03-24 18:24:16 [restartedMain] INFO  o.s.d.r.c.RepositoryConfigurationDelegate - Bootstrapping Spring Data JPA repositories in DEFAULT mode.
2025-03-24 18:24:16 [restartedMain] INFO  o.s.d.r.c.RepositoryConfigurationDelegate - Finished Spring Data repository scanning in 15 ms. Found 3 JPA repository interfaces.
2025-03-24 18:24:18 [restartedMain] INFO  o.s.b.w.e.tomcat.TomcatWebServer - Tomcat initialized with port 8081 (http)
2025-03-24 18:24:18 [restartedMain] INFO  o.a.catalina.core.StandardService - Starting service [Tomcat]
2025-03-24 18:24:18 [restartedMain] INFO  o.a.catalina.core.StandardEngine - Starting Servlet engine: [Apache Tomcat/10.1.17]
2025-03-24 18:24:18 [restartedMain] INFO  o.a.c.c.C.[Tomcat].[localhost].[/] - Initializing Spring embedded WebApplicationContext
2025-03-24 18:24:18 [restartedMain] INFO  o.s.b.w.s.c.ServletWebServerApplicationContext - Root WebApplicationContext: initialization completed in 3137 ms
2025-03-24 18:24:18 [restartedMain] INFO  com.zaxxer.hikari.HikariDataSource - HikariPool-1 - Starting...
2025-03-24 18:24:18 [restartedMain] INFO  com.zaxxer.hikari.pool.HikariPool - HikariPool-1 - Added connection conn0: url=jdbc:h2:mem:93b2cb57-ff8b-4ddc-afc3-c8ec9ed44dae user=SA
2025-03-24 18:24:18 [restartedMain] INFO  com.zaxxer.hikari.HikariDataSource - HikariPool-1 - Start completed.
2025-03-24 18:24:18 [restartedMain] INFO  o.s.b.a.h.H2ConsoleAutoConfiguration - H2 console available at '/h2-console'. Database available at 'jdbc:h2:mem:93b2cb57-ff8b-4ddc-afc3-c8ec9ed44dae'
2025-03-24 18:24:19 [restartedMain] INFO  o.h.jpa.internal.util.LogHelper - HHH000204: Processing PersistenceUnitInfo [name: default]
2025-03-24 18:24:19 [restartedMain] INFO  org.hibernate.Version - HHH000412: Hibernate ORM core version 6.4.1.Final
2025-03-24 18:24:19 [restartedMain] INFO  o.h.c.i.RegionFactoryInitiator - HHH000026: Second-level cache disabled
2025-03-24 18:24:19 [restartedMain] INFO  o.s.o.j.p.SpringPersistenceUnitInfo - No LoadTimeWeaver setup: ignoring JPA class transformer
2025-03-24 18:24:20 [restartedMain] INFO  o.h.e.t.j.p.i.JtaPlatformInitiator - HHH000489: No JTA platform available (set 'hibernate.transaction.jta.platform' to enable JTA platform integration)
2025-03-24 18:24:21 [restartedMain] INFO  o.s.o.j.LocalContainerEntityManagerFactoryBean - Initialized JPA EntityManagerFactory for persistence unit 'default'
2025-03-24 18:24:21 [restartedMain] INFO  o.s.d.j.r.query.QueryEnhancerFactory - Hibernate is in classpath; If applicable, HQL parser will be used.
2025-03-24 18:24:22 [restartedMain] WARN  o.s.b.a.o.j.JpaBaseConfiguration$JpaWebConfiguration - spring.jpa.open-in-view is enabled by default. Therefore, database queries may be performed during view rendering. Explicitly configure spring.jpa.open-in-view to disable this warning
2025-03-24 18:24:22 [restartedMain] INFO  o.s.s.web.DefaultSecurityFilterChain - Will secure any request with [org.springframework.security.web.session.DisableEncodeUrlFilter@744e7331, org.springframework.security.web.context.request.async.WebAsyncManagerIntegrationFilter@71f65ea0, org.springframework.security.web.context.SecurityContextHolderFilter@42bb8d3, org.springframework.security.web.header.HeaderWriterFilter@1eeabbb, org.springframework.web.filter.CorsFilter@7c7bd197, org.springframework.security.web.csrf.CsrfFilter@5d9cf1b0, org.springframework.security.web.authentication.logout.LogoutFilter@1f039827, org.springframework.security.web.savedrequest.RequestCacheAwareFilter@49767a81, org.springframework.security.web.servletapi.SecurityContextHolderAwareRequestFilter@4d829d23, org.springframework.security.web.authentication.AnonymousAuthenticationFilter@67c7ab21, org.springframework.security.web.access.ExceptionTranslationFilter@78c6553e]
2025-03-24 18:24:23 [restartedMain] INFO  org.quartz.impl.StdSchedulerFactory - Using default implementation for ThreadExecutor
2025-03-24 18:24:23 [restartedMain] INFO  o.quartz.core.SchedulerSignalerImpl - Initialized Scheduler Signaller of type: class org.quartz.core.SchedulerSignalerImpl
2025-03-24 18:24:23 [restartedMain] INFO  org.quartz.core.QuartzScheduler - Quartz Scheduler v.2.3.2 created.
2025-03-24 18:24:23 [restartedMain] INFO  org.quartz.simpl.RAMJobStore - RAMJobStore initialized.
2025-03-24 18:24:23 [restartedMain] INFO  org.quartz.core.QuartzScheduler - Scheduler meta-data: Quartz Scheduler (v2.3.2) 'quartzScheduler' with instanceId 'NON_CLUSTERED'
  Scheduler class: 'org.quartz.core.QuartzScheduler' - running locally.
  NOT STARTED.
  Currently in standby mode.
  Number of jobs executed: 0
  Using thread pool 'org.quartz.simpl.SimpleThreadPool' - with 10 threads.
  Using job-store 'org.quartz.simpl.RAMJobStore' - which does not support persistence. and is not clustered.

2025-03-24 18:24:23 [restartedMain] INFO  org.quartz.impl.StdSchedulerFactory - Quartz scheduler 'quartzScheduler' initialized from an externally provided properties instance.
2025-03-24 18:24:23 [restartedMain] INFO  org.quartz.impl.StdSchedulerFactory - Quartz scheduler version: 2.3.2
2025-03-24 18:24:23 [restartedMain] INFO  org.quartz.core.QuartzScheduler - JobFactory set to: org.springframework.scheduling.quartz.SpringBeanJobFactory@48a9e6a4
2025-03-24 18:24:23 [restartedMain] INFO  o.s.b.d.a.OptionalLiveReloadServer - LiveReload server is running on port 35729
2025-03-24 18:24:23 [restartedMain] INFO  o.s.b.w.e.tomcat.TomcatWebServer - Tomcat started on port 8081 (http) with context path ''
2025-03-24 18:24:23 [restartedMain] INFO  o.s.s.quartz.SchedulerFactoryBean - Starting Quartz Scheduler now
2025-03-24 18:24:23 [restartedMain] INFO  org.quartz.core.QuartzScheduler - Scheduler quartzScheduler_$_NON_CLUSTERED started.
2025-03-24 18:24:23 [restartedMain] INFO  c.r.r.RickMortyWebApiApplication - Started RickMortyWebApiApplication in 9.29 seconds (process running for 10.712)
2025-03-24 18:24:50 [http-nio-8081-exec-1] INFO  o.a.c.c.C.[Tomcat].[localhost].[/] - Initializing Spring DispatcherServlet 'dispatcherServlet'
2025-03-24 18:24:50 [http-nio-8081-exec-1] INFO  o.s.web.servlet.DispatcherServlet - Initializing Servlet 'dispatcherServlet'
2025-03-24 18:24:50 [http-nio-8081-exec-1] INFO  o.s.web.servlet.DispatcherServlet - Completed initialization in 1 ms
2025-03-24 18:24:50 [http-nio-8081-exec-1] INFO  c.r.r.a.c.CharacterController - Characters founded: 10
2025-03-24 18:34:04 [http-nio-8081-exec-6] INFO  c.r.r.a.c.CharacterController - Characters founded: 10
2025-03-24 18:34:34 [http-nio-8081-exec-10] INFO  c.r.r.a.c.CharacterController - Characters founded: 10
2025-03-24 18:35:18 [http-nio-8081-exec-1] INFO  c.r.r.a.c.CharacterController - Characters founded: 10
2025-03-24 18:35:18 [http-nio-8081-exec-2] INFO  c.r.r.a.c.CharacterController - Characters founded: 10
2025-03-24 18:35:53 [http-nio-8081-exec-9] INFO  c.r.r.a.c.CharacterController - Characters founded: 10
2025-03-24 18:36:43 [http-nio-8081-exec-8] INFO  c.r.r.a.c.CharacterController - Characters founded: 10
2025-03-24 18:36:55 [http-nio-8081-exec-1] INFO  c.r.r.a.c.CharacterController - Characters founded: 10
2025-03-24 18:38:28 [http-nio-8081-exec-8] INFO  c.r.r.a.c.CharacterController - Characters founded: 10
2025-03-24 18:38:38 [http-nio-8081-exec-10] INFO  c.r.r.a.c.CharacterController - Characters founded: 10
2025-03-24 18:38:38 [http-nio-8081-exec-1] INFO  c.r.r.a.c.CharacterController - Characters founded: 10
2025-03-24 18:38:52 [SpringApplicationShutdownHook] INFO  org.quartz.core.QuartzScheduler - Scheduler quartzScheduler_$_NON_CLUSTERED paused.
2025-03-24 18:38:52 [SpringApplicationShutdownHook] INFO  o.s.s.quartz.SchedulerFactoryBean - Shutting down Quartz Scheduler
2025-03-24 18:38:52 [SpringApplicationShutdownHook] INFO  org.quartz.core.QuartzScheduler - Scheduler quartzScheduler_$_NON_CLUSTERED shutting down.
2025-03-24 18:38:52 [SpringApplicationShutdownHook] INFO  org.quartz.core.QuartzScheduler - Scheduler quartzScheduler_$_NON_CLUSTERED paused.
2025-03-24 18:38:52 [SpringApplicationShutdownHook] INFO  org.quartz.core.QuartzScheduler - Scheduler quartzScheduler_$_NON_CLUSTERED shutdown complete.
2025-03-24 18:38:52 [SpringApplicationShutdownHook] INFO  o.s.o.j.LocalContainerEntityManagerFactoryBean - Closing JPA EntityManagerFactory for persistence unit 'default'
2025-03-24 18:38:52 [SpringApplicationShutdownHook] WARN  o.s.b.f.s.DisposableBeanAdapter - Invocation of destroy method failed on bean with name 'inMemoryDatabaseShutdownExecutor': org.h2.jdbc.JdbcSQLNonTransientConnectionException: Database is already closed (to disable automatic closing at VM shutdown, add ";DB_CLOSE_ON_EXIT=FALSE" to the db URL) [90121-224]
2025-03-24 18:38:52 [SpringApplicationShutdownHook] INFO  com.zaxxer.hikari.HikariDataSource - HikariPool-1 - Shutdown initiated...
2025-03-24 18:38:52 [SpringApplicationShutdownHook] INFO  com.zaxxer.hikari.HikariDataSource - HikariPool-1 - Shutdown completed.
2025-03-24 18:39:02 [restartedMain] INFO  c.r.r.RickMortyWebApiApplication - Starting RickMortyWebApiApplication using Java 23.0.1 with PID 1664 (C:\Users\Użytkownik\IdeaProjects\rick-morty-app\rick-morty-web-api\build\classes\java\main started by Użytkownik in C:\Users\Użytkownik\IdeaProjects\rick-morty-app)
2025-03-24 18:39:02 [restartedMain] INFO  c.r.r.RickMortyWebApiApplication - The following 1 profile is active: "dev"
2025-03-24 18:39:02 [restartedMain] INFO  o.s.b.d.e.DevToolsPropertyDefaultsPostProcessor - Devtools property defaults active! Set 'spring.devtools.add-properties' to 'false' to disable
2025-03-24 18:39:02 [restartedMain] INFO  o.s.b.d.e.DevToolsPropertyDefaultsPostProcessor - For additional web related logging consider setting the 'logging.level.web' property to 'DEBUG'
2025-03-24 18:39:03 [restartedMain] INFO  o.s.d.r.c.RepositoryConfigurationDelegate - Bootstrapping Spring Data JPA repositories in DEFAULT mode.
2025-03-24 18:39:03 [restartedMain] INFO  o.s.d.r.c.RepositoryConfigurationDelegate - Finished Spring Data repository scanning in 51 ms. Found 2 JPA repository interfaces.
2025-03-24 18:39:03 [restartedMain] INFO  o.s.d.r.c.RepositoryConfigurationDelegate - Bootstrapping Spring Data JPA repositories in DEFAULT mode.
2025-03-24 18:39:03 [restartedMain] INFO  o.s.d.r.c.RepositoryConfigurationDelegate - Finished Spring Data repository scanning in 13 ms. Found 3 JPA repository interfaces.
2025-03-24 18:39:05 [restartedMain] INFO  o.s.b.w.e.tomcat.TomcatWebServer - Tomcat initialized with port 8081 (http)
2025-03-24 18:39:05 [restartedMain] INFO  o.a.catalina.core.StandardService - Starting service [Tomcat]
2025-03-24 18:39:05 [restartedMain] INFO  o.a.catalina.core.StandardEngine - Starting Servlet engine: [Apache Tomcat/10.1.17]
2025-03-24 18:39:05 [restartedMain] INFO  o.a.c.c.C.[Tomcat].[localhost].[/] - Initializing Spring embedded WebApplicationContext
2025-03-24 18:39:05 [restartedMain] INFO  o.s.b.w.s.c.ServletWebServerApplicationContext - Root WebApplicationContext: initialization completed in 2291 ms
2025-03-24 18:39:05 [restartedMain] INFO  com.zaxxer.hikari.HikariDataSource - HikariPool-1 - Starting...
2025-03-24 18:39:05 [restartedMain] INFO  com.zaxxer.hikari.pool.HikariPool - HikariPool-1 - Added connection org.mariadb.jdbc.Connection@4784d096
2025-03-24 18:39:05 [restartedMain] INFO  com.zaxxer.hikari.HikariDataSource - HikariPool-1 - Start completed.
2025-03-24 18:39:05 [restartedMain] INFO  o.s.b.a.h.H2ConsoleAutoConfiguration - H2 console available at '/h2-console'. Database available at 'jdbc:mariadb://localhost:3307/rick_morty?user=root&password=***'
2025-03-24 18:39:05 [restartedMain] INFO  o.h.jpa.internal.util.LogHelper - HHH000204: Processing PersistenceUnitInfo [name: default]
2025-03-24 18:39:05 [restartedMain] INFO  org.hibernate.Version - HHH000412: Hibernate ORM core version 6.4.1.Final
2025-03-24 18:39:05 [restartedMain] INFO  o.h.c.i.RegionFactoryInitiator - HHH000026: Second-level cache disabled
2025-03-24 18:39:05 [restartedMain] INFO  o.s.o.j.p.SpringPersistenceUnitInfo - No LoadTimeWeaver setup: ignoring JPA class transformer
2025-03-24 18:39:07 [restartedMain] INFO  o.h.e.t.j.p.i.JtaPlatformInitiator - HHH000489: No JTA platform available (set 'hibernate.transaction.jta.platform' to enable JTA platform integration)
2025-03-24 18:39:07 [restartedMain] INFO  o.s.o.j.LocalContainerEntityManagerFactoryBean - Initialized JPA EntityManagerFactory for persistence unit 'default'
2025-03-24 18:39:07 [restartedMain] INFO  o.s.d.j.r.query.QueryEnhancerFactory - Hibernate is in classpath; If applicable, HQL parser will be used.
2025-03-24 18:39:08 [restartedMain] WARN  o.s.b.a.o.j.JpaBaseConfiguration$JpaWebConfiguration - spring.jpa.open-in-view is enabled by default. Therefore, database queries may be performed during view rendering. Explicitly configure spring.jpa.open-in-view to disable this warning
2025-03-24 18:39:08 [restartedMain] INFO  o.s.s.web.DefaultSecurityFilterChain - Will secure any request with [org.springframework.security.web.session.DisableEncodeUrlFilter@2f11e836, org.springframework.security.web.context.request.async.WebAsyncManagerIntegrationFilter@4ed670d9, org.springframework.security.web.context.SecurityContextHolderFilter@a598987, org.springframework.security.web.header.HeaderWriterFilter@33375ec3, org.springframework.web.filter.CorsFilter@4e983257, org.springframework.security.web.csrf.CsrfFilter@b358ad7, org.springframework.security.web.authentication.logout.LogoutFilter@4c3a2f1f, org.springframework.security.web.savedrequest.RequestCacheAwareFilter@4ef89b31, org.springframework.security.web.servletapi.SecurityContextHolderAwareRequestFilter@2881a8bd, org.springframework.security.web.authentication.AnonymousAuthenticationFilter@5fcef706, org.springframework.security.web.access.ExceptionTranslationFilter@19585ca4]
2025-03-24 18:39:08 [restartedMain] INFO  org.quartz.impl.StdSchedulerFactory - Using default implementation for ThreadExecutor
2025-03-24 18:39:08 [restartedMain] INFO  o.quartz.core.SchedulerSignalerImpl - Initialized Scheduler Signaller of type: class org.quartz.core.SchedulerSignalerImpl
2025-03-24 18:39:08 [restartedMain] INFO  org.quartz.core.QuartzScheduler - Quartz Scheduler v.2.3.2 created.
2025-03-24 18:39:08 [restartedMain] INFO  org.quartz.simpl.RAMJobStore - RAMJobStore initialized.
2025-03-24 18:39:08 [restartedMain] INFO  org.quartz.core.QuartzScheduler - Scheduler meta-data: Quartz Scheduler (v2.3.2) 'quartzScheduler' with instanceId 'NON_CLUSTERED'
  Scheduler class: 'org.quartz.core.QuartzScheduler' - running locally.
  NOT STARTED.
  Currently in standby mode.
  Number of jobs executed: 0
  Using thread pool 'org.quartz.simpl.SimpleThreadPool' - with 10 threads.
  Using job-store 'org.quartz.simpl.RAMJobStore' - which does not support persistence. and is not clustered.

2025-03-24 18:39:08 [restartedMain] INFO  org.quartz.impl.StdSchedulerFactory - Quartz scheduler 'quartzScheduler' initialized from an externally provided properties instance.
2025-03-24 18:39:08 [restartedMain] INFO  org.quartz.impl.StdSchedulerFactory - Quartz scheduler version: 2.3.2
2025-03-24 18:39:08 [restartedMain] INFO  org.quartz.core.QuartzScheduler - JobFactory set to: org.springframework.scheduling.quartz.SpringBeanJobFactory@23d20aa9
2025-03-24 18:39:08 [restartedMain] INFO  o.s.b.d.a.OptionalLiveReloadServer - LiveReload server is running on port 35729
2025-03-24 18:39:09 [restartedMain] INFO  o.s.b.w.e.tomcat.TomcatWebServer - Tomcat started on port 8081 (http) with context path ''
2025-03-24 18:39:09 [restartedMain] INFO  o.s.s.quartz.SchedulerFactoryBean - Starting Quartz Scheduler now
2025-03-24 18:39:09 [restartedMain] INFO  org.quartz.core.QuartzScheduler - Scheduler quartzScheduler_$_NON_CLUSTERED started.
2025-03-24 18:39:09 [restartedMain] INFO  c.r.r.RickMortyWebApiApplication - Started RickMortyWebApiApplication in 6.94 seconds (process running for 7.776)
2025-03-24 18:39:11 [http-nio-8081-exec-3] INFO  o.a.c.c.C.[Tomcat].[localhost].[/] - Initializing Spring DispatcherServlet 'dispatcherServlet'
2025-03-24 18:39:11 [http-nio-8081-exec-3] INFO  o.s.web.servlet.DispatcherServlet - Initializing Servlet 'dispatcherServlet'
2025-03-24 18:39:11 [http-nio-8081-exec-3] INFO  o.s.web.servlet.DispatcherServlet - Completed initialization in 1 ms
2025-03-24 18:39:12 [http-nio-8081-exec-1] INFO  c.r.r.a.c.CharacterController - Characters founded: 826
2025-03-24 18:39:12 [http-nio-8081-exec-3] INFO  c.r.r.a.c.CharacterController - Characters founded: 826
2025-03-24 18:49:27 [http-nio-8081-exec-4] INFO  c.r.r.a.c.CharacterController - Characters founded: 826
2025-03-24 18:50:43 [http-nio-8081-exec-10] INFO  c.r.r.a.c.CharacterController - Characters founded: 826
2025-03-24 18:50:43 [http-nio-8081-exec-3] INFO  c.r.r.a.c.CharacterController - Characters founded: 826
2025-03-24 18:51:08 [http-nio-8081-exec-1] INFO  c.r.r.a.c.CharacterController - Characters founded: 826
2025-03-24 18:51:24 [http-nio-8081-exec-6] INFO  c.r.r.a.c.CharacterController - Characters founded: 826
2025-03-24 18:51:24 [http-nio-8081-exec-2] INFO  c.r.r.a.c.CharacterController - Characters founded: 826
2025-03-24 18:51:34 [http-nio-8081-exec-9] INFO  c.r.r.a.c.CharacterController - Characters founded: 826
2025-03-24 19:29:36 [http-nio-8081-exec-2] INFO  c.r.r.a.c.CharacterController - Characters founded: 826
2025-03-24 19:29:36 [http-nio-8081-exec-7] INFO  c.r.r.a.c.CharacterController - Characters founded: 826
2025-03-24 19:30:23 [http-nio-8081-exec-6] INFO  c.r.r.a.c.CharacterController - Characters founded: 826
2025-03-24 19:30:43 [http-nio-8081-exec-8] INFO  c.r.r.a.c.CharacterController - Characters founded: 826
2025-03-24 19:31:19 [http-nio-8081-exec-6] INFO  c.r.r.a.c.CharacterController - Characters founded: 826
2025-03-24 19:31:19 [http-nio-8081-exec-7] INFO  c.r.r.a.c.CharacterController - Characters founded: 826
2025-03-24 19:32:08 [http-nio-8081-exec-9] INFO  c.r.r.a.c.CharacterController - Characters founded: 826
2025-03-24 19:32:08 [http-nio-8081-exec-10] INFO  c.r.r.a.c.CharacterController - Characters founded: 826
2025-03-24 19:32:42 [http-nio-8081-exec-3] INFO  c.r.r.a.c.CharacterController - Characters founded: 826
2025-03-24 19:32:57 [http-nio-8081-exec-2] INFO  c.r.r.a.c.CharacterController - Characters founded: 826
2025-03-24 19:33:33 [http-nio-8081-exec-7] INFO  c.r.r.a.c.CharacterController - Characters founded: 826
2025-03-24 19:35:00 [http-nio-8081-exec-1] INFO  c.r.r.a.c.CharacterController - Characters founded: 826
2025-03-24 19:36:04 [http-nio-8081-exec-8] INFO  c.r.r.a.c.CharacterController - Characters founded: 826
2025-03-24 19:36:17 [http-nio-8081-exec-4] INFO  c.r.r.a.c.CharacterController - Characters founded: 826
2025-03-24 19:36:52 [http-nio-8081-exec-5] INFO  c.r.r.a.c.CharacterController - Characters founded: 826
2025-03-24 19:37:35 [http-nio-8081-exec-9] INFO  c.r.r.a.c.CharacterController - Characters founded: 826
2025-03-24 19:37:56 [http-nio-8081-exec-1] INFO  c.r.r.a.c.CharacterController - Characters founded: 826
2025-03-24 19:38:12 [http-nio-8081-exec-6] INFO  c.r.r.a.c.CharacterController - Characters founded: 826
2025-03-24 19:38:52 [http-nio-8081-exec-4] INFO  c.r.r.a.c.CharacterController - Characters founded: 826
2025-03-24 19:39:08 [http-nio-8081-exec-9] INFO  c.r.r.a.c.CharacterController - Characters founded: 826
2025-03-24 19:39:55 [http-nio-8081-exec-1] INFO  c.r.r.a.c.CharacterController - Characters founded: 826
2025-03-24 19:40:18 [http-nio-8081-exec-2] INFO  c.r.r.a.c.CharacterController - Characters founded: 826
2025-03-24 19:40:24 [SpringApplicationShutdownHook] INFO  org.quartz.core.QuartzScheduler - Scheduler quartzScheduler_$_NON_CLUSTERED paused.
2025-03-24 19:40:24 [SpringApplicationShutdownHook] INFO  o.s.s.quartz.SchedulerFactoryBean - Shutting down Quartz Scheduler
2025-03-24 19:40:24 [SpringApplicationShutdownHook] INFO  org.quartz.core.QuartzScheduler - Scheduler quartzScheduler_$_NON_CLUSTERED shutting down.
2025-03-24 19:40:24 [SpringApplicationShutdownHook] INFO  org.quartz.core.QuartzScheduler - Scheduler quartzScheduler_$_NON_CLUSTERED paused.
2025-03-24 19:40:24 [SpringApplicationShutdownHook] INFO  org.quartz.core.QuartzScheduler - Scheduler quartzScheduler_$_NON_CLUSTERED shutdown complete.
2025-03-24 19:40:24 [SpringApplicationShutdownHook] INFO  o.s.o.j.LocalContainerEntityManagerFactoryBean - Closing JPA EntityManagerFactory for persistence unit 'default'
2025-03-24 19:40:24 [SpringApplicationShutdownHook] INFO  com.zaxxer.hikari.HikariDataSource - HikariPool-1 - Shutdown initiated...
2025-03-24 19:40:24 [SpringApplicationShutdownHook] INFO  com.zaxxer.hikari.HikariDataSource - HikariPool-1 - Shutdown completed.
2025-03-24 19:40:30 [restartedMain] INFO  c.r.r.RickMortyWebApiApplication - Starting RickMortyWebApiApplication using Java 23.0.1 with PID 16084 (C:\Users\Użytkownik\IdeaProjects\rick-morty-app\rick-morty-web-api\build\classes\java\main started by Użytkownik in C:\Users\Użytkownik\IdeaProjects\rick-morty-app)
2025-03-24 19:40:30 [restartedMain] INFO  c.r.r.RickMortyWebApiApplication - The following 1 profile is active: "dev"
2025-03-24 19:40:30 [restartedMain] INFO  o.s.b.d.e.DevToolsPropertyDefaultsPostProcessor - Devtools property defaults active! Set 'spring.devtools.add-properties' to 'false' to disable
2025-03-24 19:40:30 [restartedMain] INFO  o.s.b.d.e.DevToolsPropertyDefaultsPostProcessor - For additional web related logging consider setting the 'logging.level.web' property to 'DEBUG'
2025-03-24 19:40:31 [restartedMain] INFO  o.s.d.r.c.RepositoryConfigurationDelegate - Bootstrapping Spring Data JPA repositories in DEFAULT mode.
2025-03-24 19:40:31 [restartedMain] INFO  o.s.d.r.c.RepositoryConfigurationDelegate - Finished Spring Data repository scanning in 53 ms. Found 2 JPA repository interfaces.
2025-03-24 19:40:31 [restartedMain] INFO  o.s.d.r.c.RepositoryConfigurationDelegate - Bootstrapping Spring Data JPA repositories in DEFAULT mode.
2025-03-24 19:40:32 [restartedMain] INFO  o.s.d.r.c.RepositoryConfigurationDelegate - Finished Spring Data repository scanning in 17 ms. Found 3 JPA repository interfaces.
2025-03-24 19:40:33 [restartedMain] INFO  o.s.b.w.e.tomcat.TomcatWebServer - Tomcat initialized with port 8081 (http)
2025-03-24 19:40:33 [restartedMain] INFO  o.a.catalina.core.StandardService - Starting service [Tomcat]
2025-03-24 19:40:33 [restartedMain] INFO  o.a.catalina.core.StandardEngine - Starting Servlet engine: [Apache Tomcat/10.1.17]
2025-03-24 19:40:33 [restartedMain] INFO  o.a.c.c.C.[Tomcat].[localhost].[/] - Initializing Spring embedded WebApplicationContext
2025-03-24 19:40:33 [restartedMain] INFO  o.s.b.w.s.c.ServletWebServerApplicationContext - Root WebApplicationContext: initialization completed in 2284 ms
2025-03-24 19:40:33 [restartedMain] INFO  com.zaxxer.hikari.HikariDataSource - HikariPool-1 - Starting...
2025-03-24 19:40:33 [restartedMain] INFO  com.zaxxer.hikari.pool.HikariPool - HikariPool-1 - Added connection org.mariadb.jdbc.Connection@6650986a
2025-03-24 19:40:33 [restartedMain] INFO  com.zaxxer.hikari.HikariDataSource - HikariPool-1 - Start completed.
2025-03-24 19:40:33 [restartedMain] INFO  o.s.b.a.h.H2ConsoleAutoConfiguration - H2 console available at '/h2-console'. Database available at 'jdbc:mariadb://localhost:3307/rick_morty?user=root&password=***'
2025-03-24 19:40:33 [restartedMain] INFO  o.h.jpa.internal.util.LogHelper - HHH000204: Processing PersistenceUnitInfo [name: default]
2025-03-24 19:40:33 [restartedMain] INFO  org.hibernate.Version - HHH000412: Hibernate ORM core version 6.4.1.Final
2025-03-24 19:40:33 [restartedMain] INFO  o.h.c.i.RegionFactoryInitiator - HHH000026: Second-level cache disabled
2025-03-24 19:40:34 [restartedMain] INFO  o.s.o.j.p.SpringPersistenceUnitInfo - No LoadTimeWeaver setup: ignoring JPA class transformer
2025-03-24 19:40:35 [restartedMain] INFO  o.h.e.t.j.p.i.JtaPlatformInitiator - HHH000489: No JTA platform available (set 'hibernate.transaction.jta.platform' to enable JTA platform integration)
2025-03-24 19:40:35 [restartedMain] INFO  o.s.o.j.LocalContainerEntityManagerFactoryBean - Initialized JPA EntityManagerFactory for persistence unit 'default'
2025-03-24 19:40:35 [restartedMain] INFO  o.s.d.j.r.query.QueryEnhancerFactory - Hibernate is in classpath; If applicable, HQL parser will be used.
2025-03-24 19:40:36 [restartedMain] WARN  o.s.b.a.o.j.JpaBaseConfiguration$JpaWebConfiguration - spring.jpa.open-in-view is enabled by default. Therefore, database queries may be performed during view rendering. Explicitly configure spring.jpa.open-in-view to disable this warning
2025-03-24 19:40:37 [restartedMain] INFO  o.s.s.web.DefaultSecurityFilterChain - Will secure any request with [org.springframework.security.web.session.DisableEncodeUrlFilter@1632f847, org.springframework.security.web.context.request.async.WebAsyncManagerIntegrationFilter@37a7ec81, org.springframework.security.web.context.SecurityContextHolderFilter@41f18959, org.springframework.security.web.header.HeaderWriterFilter@3a283b, org.springframework.web.filter.CorsFilter@69a91b95, org.springframework.security.web.csrf.CsrfFilter@6e520141, org.springframework.security.web.authentication.logout.LogoutFilter@5a4f2af5, org.springframework.security.web.savedrequest.RequestCacheAwareFilter@5beb1a97, org.springframework.security.web.servletapi.SecurityContextHolderAwareRequestFilter@46ff5de8, org.springframework.security.web.authentication.AnonymousAuthenticationFilter@7848babc, org.springframework.security.web.access.ExceptionTranslationFilter@1a7c6d24]
2025-03-24 19:40:38 [restartedMain] INFO  org.quartz.impl.StdSchedulerFactory - Using default implementation for ThreadExecutor
2025-03-24 19:40:38 [restartedMain] INFO  o.quartz.core.SchedulerSignalerImpl - Initialized Scheduler Signaller of type: class org.quartz.core.SchedulerSignalerImpl
2025-03-24 19:40:38 [restartedMain] INFO  org.quartz.core.QuartzScheduler - Quartz Scheduler v.2.3.2 created.
2025-03-24 19:40:38 [restartedMain] INFO  org.quartz.simpl.RAMJobStore - RAMJobStore initialized.
2025-03-24 19:40:38 [restartedMain] INFO  org.quartz.core.QuartzScheduler - Scheduler meta-data: Quartz Scheduler (v2.3.2) 'quartzScheduler' with instanceId 'NON_CLUSTERED'
  Scheduler class: 'org.quartz.core.QuartzScheduler' - running locally.
  NOT STARTED.
  Currently in standby mode.
  Number of jobs executed: 0
  Using thread pool 'org.quartz.simpl.SimpleThreadPool' - with 10 threads.
  Using job-store 'org.quartz.simpl.RAMJobStore' - which does not support persistence. and is not clustered.

2025-03-24 19:40:38 [restartedMain] INFO  org.quartz.impl.StdSchedulerFactory - Quartz scheduler 'quartzScheduler' initialized from an externally provided properties instance.
2025-03-24 19:40:38 [restartedMain] INFO  org.quartz.impl.StdSchedulerFactory - Quartz scheduler version: 2.3.2
2025-03-24 19:40:38 [restartedMain] INFO  org.quartz.core.QuartzScheduler - JobFactory set to: org.springframework.scheduling.quartz.SpringBeanJobFactory@2a7df4c8
2025-03-24 19:40:38 [restartedMain] INFO  o.s.b.d.a.OptionalLiveReloadServer - LiveReload server is running on port 35729
2025-03-24 19:40:38 [restartedMain] INFO  o.s.b.w.e.tomcat.TomcatWebServer - Tomcat started on port 8081 (http) with context path ''
2025-03-24 19:40:38 [restartedMain] INFO  o.s.s.quartz.SchedulerFactoryBean - Starting Quartz Scheduler now
2025-03-24 19:40:38 [restartedMain] INFO  org.quartz.core.QuartzScheduler - Scheduler quartzScheduler_$_NON_CLUSTERED started.
2025-03-24 19:40:38 [restartedMain] INFO  c.r.r.RickMortyWebApiApplication - Started RickMortyWebApiApplication in 8.003 seconds (process running for 9.045)
2025-03-24 19:46:01 [http-nio-8081-exec-1] INFO  o.a.c.c.C.[Tomcat].[localhost].[/] - Initializing Spring DispatcherServlet 'dispatcherServlet'
2025-03-24 19:46:01 [http-nio-8081-exec-1] INFO  o.s.web.servlet.DispatcherServlet - Initializing Servlet 'dispatcherServlet'
2025-03-24 19:46:01 [http-nio-8081-exec-1] INFO  o.s.web.servlet.DispatcherServlet - Completed initialization in 2 ms
2025-03-24 19:46:01 [http-nio-8081-exec-1] INFO  c.r.r.a.c.CharacterController - Characters founded: 826
2025-03-24 19:46:16 [http-nio-8081-exec-6] INFO  c.r.r.a.c.CharacterController - Characters founded: 826
2025-03-24 19:46:36 [http-nio-8081-exec-5] INFO  c.r.r.a.c.CharacterController - Characters founded: 826
2025-03-24 19:46:51 [http-nio-8081-exec-3] INFO  c.r.r.a.c.CharacterController - Characters founded: 826
2025-03-24 19:47:33 [http-nio-8081-exec-6] INFO  c.r.r.a.c.CharacterController - Characters founded: 826
2025-03-24 19:55:31 [http-nio-8081-exec-9] INFO  c.r.r.a.c.CharacterController - Characters founded: 826
2025-03-24 19:56:20 [http-nio-8081-exec-2] INFO  c.r.r.a.c.CharacterController - Character found: CharacterDto(id=1, name=Rick Sanchez, status=Alive, species=Human, type=, gender=Male, origin=LocationSummaryDto(id=1, name=Earth (C-137), type=Planet, dimension=Dimension C-137), currentLocation=LocationSummaryDto(id=3, name=Citadel of Ricks, type=Space station, dimension=unknown), imageUrl=https://rickandmortyapi.com/api/character/avatar/1.jpeg)
2025-03-24 20:13:57 [http-nio-8081-exec-4] INFO  c.r.r.a.c.CharacterController - Character found: CharacterDto(id=1, name=Rick Sanchez, status=Alive, species=Human, type=, gender=Male, origin=LocationSummaryDto(id=1, name=Earth (C-137), type=Planet, dimension=Dimension C-137), currentLocation=LocationSummaryDto(id=3, name=Citadel of Ricks, type=Space station, dimension=unknown), imageUrl=https://rickandmortyapi.com/api/character/avatar/1.jpeg)
2025-03-24 20:14:01 [http-nio-8081-exec-6] INFO  c.r.r.a.c.CharacterController - Character found: CharacterDto(id=1, name=Rick Sanchez, status=Alive, species=Human, type=, gender=Male, origin=LocationSummaryDto(id=1, name=Earth (C-137), type=Planet, dimension=Dimension C-137), currentLocation=LocationSummaryDto(id=3, name=Citadel of Ricks, type=Space station, dimension=unknown), imageUrl=https://rickandmortyapi.com/api/character/avatar/1.jpeg)
2025-03-24 20:14:15 [http-nio-8081-exec-5] INFO  c.r.r.a.c.CharacterController - Characters founded: 826
2025-03-24 20:14:16 [http-nio-8081-exec-8] INFO  c.r.r.a.c.CharacterController - Character found: CharacterDto(id=2, name=Morty Smith, status=Alive, species=Human, type=, gender=Male, origin=null, currentLocation=LocationSummaryDto(id=3, name=Citadel of Ricks, type=Space station, dimension=unknown), imageUrl=https://rickandmortyapi.com/api/character/avatar/2.jpeg)
2025-03-24 20:14:18 [http-nio-8081-exec-1] INFO  c.r.r.a.c.CharacterController - Character found: CharacterDto(id=3, name=Summer Smith, status=Alive, species=Human, type=, gender=Female, origin=LocationSummaryDto(id=20, name=Earth (Replacement Dimension), type=Planet, dimension=Replacement Dimension), currentLocation=LocationSummaryDto(id=20, name=Earth (Replacement Dimension), type=Planet, dimension=Replacement Dimension), imageUrl=https://rickandmortyapi.com/api/character/avatar/3.jpeg)
2025-03-24 20:14:19 [http-nio-8081-exec-4] INFO  c.r.r.a.c.CharacterController - Character found: CharacterDto(id=4, name=Beth Smith, status=Alive, species=Human, type=, gender=Female, origin=LocationSummaryDto(id=20, name=Earth (Replacement Dimension), type=Planet, dimension=Replacement Dimension), currentLocation=LocationSummaryDto(id=20, name=Earth (Replacement Dimension), type=Planet, dimension=Replacement Dimension), imageUrl=https://rickandmortyapi.com/api/character/avatar/4.jpeg)
2025-03-24 20:14:20 [http-nio-8081-exec-7] INFO  c.r.r.a.c.CharacterController - Character found: CharacterDto(id=5, name=Jerry Smith, status=Alive, species=Human, type=, gender=Male, origin=LocationSummaryDto(id=20, name=Earth (Replacement Dimension), type=Planet, dimension=Replacement Dimension), currentLocation=LocationSummaryDto(id=20, name=Earth (Replacement Dimension), type=Planet, dimension=Replacement Dimension), imageUrl=https://rickandmortyapi.com/api/character/avatar/5.jpeg)
2025-03-24 20:14:21 [http-nio-8081-exec-9] INFO  c.r.r.a.c.CharacterController - Character found: CharacterDto(id=8, name=Adjudicator Rick, status=Dead, species=Human, type=, gender=Male, origin=null, currentLocation=LocationSummaryDto(id=3, name=Citadel of Ricks, type=Space station, dimension=unknown), imageUrl=https://rickandmortyapi.com/api/character/avatar/8.jpeg)
2025-03-24 20:14:22 [http-nio-8081-exec-3] INFO  c.r.r.a.c.CharacterController - Character found: CharacterDto(id=3, name=Summer Smith, status=Alive, species=Human, type=, gender=Female, origin=LocationSummaryDto(id=20, name=Earth (Replacement Dimension), type=Planet, dimension=Replacement Dimension), currentLocation=LocationSummaryDto(id=20, name=Earth (Replacement Dimension), type=Planet, dimension=Replacement Dimension), imageUrl=https://rickandmortyapi.com/api/character/avatar/3.jpeg)
2025-03-24 20:14:36 [http-nio-8081-exec-5] INFO  c.r.r.a.c.CharacterController - Character found: CharacterDto(id=4, name=Beth Smith, status=Alive, species=Human, type=, gender=Female, origin=LocationSummaryDto(id=20, name=Earth (Replacement Dimension), type=Planet, dimension=Replacement Dimension), currentLocation=LocationSummaryDto(id=20, name=Earth (Replacement Dimension), type=Planet, dimension=Replacement Dimension), imageUrl=https://rickandmortyapi.com/api/character/avatar/4.jpeg)
2025-03-24 20:14:36 [http-nio-8081-exec-7] INFO  c.r.r.a.c.CharacterController - Characters founded: 826
2025-03-24 20:14:39 [http-nio-8081-exec-10] INFO  c.r.r.a.c.CharacterController - Character found: CharacterDto(id=15, name=Alien Rick, status=unknown, species=Alien, type=, gender=Male, origin=null, currentLocation=LocationSummaryDto(id=3, name=Citadel of Ricks, type=Space station, dimension=unknown), imageUrl=https://rickandmortyapi.com/api/character/avatar/15.jpeg)
2025-03-24 20:14:50 [http-nio-8081-exec-9] INFO  c.r.r.a.c.CharacterController - Character found: CharacterDto(id=15, name=Alien Rick, status=unknown, species=Alien, type=, gender=Male, origin=null, currentLocation=LocationSummaryDto(id=3, name=Citadel of Ricks, type=Space station, dimension=unknown), imageUrl=https://rickandmortyapi.com/api/character/avatar/15.jpeg)
2025-03-24 20:17:35 [http-nio-8081-exec-2] INFO  c.r.r.a.c.CharacterController - Characters founded: 826
2025-03-24 20:17:36 [http-nio-8081-exec-4] INFO  c.r.r.a.c.CharacterController - Character found: CharacterDto(id=1, name=Rick Sanchez, status=Alive, species=Human, type=, gender=Male, origin=LocationSummaryDto(id=1, name=Earth (C-137), type=Planet, dimension=Dimension C-137), currentLocation=LocationSummaryDto(id=3, name=Citadel of Ricks, type=Space station, dimension=unknown), imageUrl=https://rickandmortyapi.com/api/character/avatar/1.jpeg)
2025-03-24 20:17:38 [http-nio-8081-exec-7] INFO  c.r.r.a.c.CharacterController - Character found: CharacterDto(id=2, name=Morty Smith, status=Alive, species=Human, type=, gender=Male, origin=null, currentLocation=LocationSummaryDto(id=3, name=Citadel of Ricks, type=Space station, dimension=unknown), imageUrl=https://rickandmortyapi.com/api/character/avatar/2.jpeg)
2025-03-24 20:19:08 [http-nio-8081-exec-1] INFO  c.r.r.a.c.CharacterController - Characters founded: 826
2025-03-24 20:19:09 [http-nio-8081-exec-3] INFO  c.r.r.a.c.CharacterController - Character found: CharacterDto(id=1, name=Rick Sanchez, status=Alive, species=Human, type=, gender=Male, origin=LocationSummaryDto(id=1, name=Earth (C-137), type=Planet, dimension=Dimension C-137), currentLocation=LocationSummaryDto(id=3, name=Citadel of Ricks, type=Space station, dimension=unknown), imageUrl=https://rickandmortyapi.com/api/character/avatar/1.jpeg)
2025-03-24 20:19:11 [http-nio-8081-exec-4] INFO  c.r.r.a.c.CharacterController - Character found: CharacterDto(id=1, name=Rick Sanchez, status=Alive, species=Human, type=, gender=Male, origin=LocationSummaryDto(id=1, name=Earth (C-137), type=Planet, dimension=Dimension C-137), currentLocation=LocationSummaryDto(id=3, name=Citadel of Ricks, type=Space station, dimension=unknown), imageUrl=https://rickandmortyapi.com/api/character/avatar/1.jpeg)
2025-03-24 20:19:22 [http-nio-8081-exec-6] INFO  c.r.r.a.c.CharacterController - Character found: CharacterDto(id=1, name=Rick Sanchez, status=Alive, species=Human, type=, gender=Male, origin=LocationSummaryDto(id=1, name=Earth (C-137), type=Planet, dimension=Dimension C-137), currentLocation=LocationSummaryDto(id=3, name=Citadel of Ricks, type=Space station, dimension=unknown), imageUrl=https://rickandmortyapi.com/api/character/avatar/1.jpeg)
2025-03-24 20:19:32 [http-nio-8081-exec-5] INFO  c.r.r.a.c.CharacterController - Character found: CharacterDto(id=1, name=Rick Sanchez, status=Alive, species=Human, type=, gender=Male, origin=LocationSummaryDto(id=1, name=Earth (C-137), type=Planet, dimension=Dimension C-137), currentLocation=LocationSummaryDto(id=3, name=Citadel of Ricks, type=Space station, dimension=unknown), imageUrl=https://rickandmortyapi.com/api/character/avatar/1.jpeg)
2025-03-24 20:19:40 [http-nio-8081-exec-7] INFO  c.r.r.a.c.CharacterController - Character found: CharacterDto(id=1, name=Rick Sanchez, status=Alive, species=Human, type=, gender=Male, origin=LocationSummaryDto(id=1, name=Earth (C-137), type=Planet, dimension=Dimension C-137), currentLocation=LocationSummaryDto(id=3, name=Citadel of Ricks, type=Space station, dimension=unknown), imageUrl=https://rickandmortyapi.com/api/character/avatar/1.jpeg)
2025-03-24 20:20:25 [http-nio-8081-exec-8] INFO  c.r.r.a.c.CharacterController - Character found: CharacterDto(id=1, name=Rick Sanchez, status=Alive, species=Human, type=, gender=Male, origin=LocationSummaryDto(id=1, name=Earth (C-137), type=Planet, dimension=Dimension C-137), currentLocation=LocationSummaryDto(id=3, name=Citadel of Ricks, type=Space station, dimension=unknown), imageUrl=https://rickandmortyapi.com/api/character/avatar/1.jpeg)
2025-03-24 20:20:27 [http-nio-8081-exec-10] INFO  c.r.r.a.c.CharacterController - Character found: CharacterDto(id=1, name=Rick Sanchez, status=Alive, species=Human, type=, gender=Male, origin=LocationSummaryDto(id=1, name=Earth (C-137), type=Planet, dimension=Dimension C-137), currentLocation=LocationSummaryDto(id=3, name=Citadel of Ricks, type=Space station, dimension=unknown), imageUrl=https://rickandmortyapi.com/api/character/avatar/1.jpeg)
2025-03-24 20:20:30 [http-nio-8081-exec-9] INFO  c.r.r.a.c.CharacterController - Characters founded: 826
2025-03-24 20:20:31 [http-nio-8081-exec-3] INFO  c.r.r.a.c.CharacterController - Character found: CharacterDto(id=4, name=Beth Smith, status=Alive, species=Human, type=, gender=Female, origin=LocationSummaryDto(id=20, name=Earth (Replacement Dimension), type=Planet, dimension=Replacement Dimension), currentLocation=LocationSummaryDto(id=20, name=Earth (Replacement Dimension), type=Planet, dimension=Replacement Dimension), imageUrl=https://rickandmortyapi.com/api/character/avatar/4.jpeg)
2025-03-24 20:20:33 [http-nio-8081-exec-5] INFO  c.r.r.a.c.CharacterController - Character found: CharacterDto(id=18, name=Antenna Morty, status=Alive, species=Human, type=Human with antennae, gender=Male, origin=null, currentLocation=LocationSummaryDto(id=3, name=Citadel of Ricks, type=Space station, dimension=unknown), imageUrl=https://rickandmortyapi.com/api/character/avatar/18.jpeg)
2025-03-24 20:20:35 [http-nio-8081-exec-10] INFO  c.r.r.a.c.CharacterController - Character found: CharacterDto(id=16, name=Amish Cyborg, status=Dead, species=Alien, type=Parasite, gender=Male, origin=null, currentLocation=LocationSummaryDto(id=20, name=Earth (Replacement Dimension), type=Planet, dimension=Replacement Dimension), imageUrl=https://rickandmortyapi.com/api/character/avatar/16.jpeg)
2025-03-24 20:20:51 [http-nio-8081-exec-9] INFO  c.r.r.a.c.CharacterController - Character found: CharacterDto(id=16, name=Amish Cyborg, status=Dead, species=Alien, type=Parasite, gender=Male, origin=null, currentLocation=LocationSummaryDto(id=20, name=Earth (Replacement Dimension), type=Planet, dimension=Replacement Dimension), imageUrl=https://rickandmortyapi.com/api/character/avatar/16.jpeg)
2025-03-24 20:21:11 [http-nio-8081-exec-1] INFO  c.r.r.a.c.CharacterController - Characters founded: 826
2025-03-24 20:21:12 [http-nio-8081-exec-3] INFO  c.r.r.a.c.CharacterController - Character found: CharacterDto(id=13, name=Alien Googah, status=unknown, species=Alien, type=, gender=unknown, origin=null, currentLocation=LocationSummaryDto(id=20, name=Earth (Replacement Dimension), type=Planet, dimension=Replacement Dimension), imageUrl=https://rickandmortyapi.com/api/character/avatar/13.jpeg)
2025-03-24 20:21:39 [http-nio-8081-exec-5] INFO  c.r.r.a.c.CharacterController - Characters founded: 826
2025-03-24 20:21:44 [http-nio-8081-exec-10] INFO  c.r.r.a.c.CharacterController - Character found: CharacterDto(id=25, name=Armothy, status=Dead, species=unknown, type=Self-aware arm, gender=Male, origin=LocationSummaryDto(id=8, name=Post-Apocalyptic Earth, type=Planet, dimension=Post-Apocalyptic Dimension), currentLocation=LocationSummaryDto(id=8, name=Post-Apocalyptic Earth, type=Planet, dimension=Post-Apocalyptic Dimension), imageUrl=https://rickandmortyapi.com/api/character/avatar/25.jpeg)
2025-03-24 20:22:05 [http-nio-8081-exec-2] INFO  c.r.r.a.c.CharacterController - Character found: CharacterDto(id=4, name=Beth Smith, status=Alive, species=Human, type=, gender=Female, origin=LocationSummaryDto(id=20, name=Earth (Replacement Dimension), type=Planet, dimension=Replacement Dimension), currentLocation=LocationSummaryDto(id=20, name=Earth (Replacement Dimension), type=Planet, dimension=Replacement Dimension), imageUrl=https://rickandmortyapi.com/api/character/avatar/4.jpeg)
2025-03-24 20:22:06 [http-nio-8081-exec-3] INFO  c.r.r.a.c.CharacterController - Characters founded: 826
2025-03-24 20:22:08 [http-nio-8081-exec-6] INFO  c.r.r.a.c.CharacterController - Character found: CharacterDto(id=13, name=Alien Googah, status=unknown, species=Alien, type=, gender=unknown, origin=null, currentLocation=LocationSummaryDto(id=20, name=Earth (Replacement Dimension), type=Planet, dimension=Replacement Dimension), imageUrl=https://rickandmortyapi.com/api/character/avatar/13.jpeg)
2025-03-24 20:22:13 [http-nio-8081-exec-8] INFO  c.r.r.a.c.CharacterController - Character found: CharacterDto(id=24, name=Armagheadon, status=Alive, species=Alien, type=Cromulon, gender=Male, origin=LocationSummaryDto(id=22, name=Signus 5 Expanse, type=unknown, dimension=Cromulon Dimension), currentLocation=LocationSummaryDto(id=22, name=Signus 5 Expanse, type=unknown, dimension=Cromulon Dimension), imageUrl=https://rickandmortyapi.com/api/character/avatar/24.jpeg)
2025-03-24 20:22:16 [http-nio-8081-exec-1] INFO  c.r.r.a.c.CharacterController - Character found: CharacterDto(id=2, name=Morty Smith, status=Alive, species=Human, type=, gender=Male, origin=null, currentLocation=LocationSummaryDto(id=3, name=Citadel of Ricks, type=Space station, dimension=unknown), imageUrl=https://rickandmortyapi.com/api/character/avatar/2.jpeg)
2025-03-24 20:22:17 [http-nio-8081-exec-2] INFO  c.r.r.a.c.CharacterController - Characters founded: 826
2025-03-24 20:22:17 [http-nio-8081-exec-4] INFO  c.r.r.a.c.CharacterController - Character found: CharacterDto(id=3, name=Summer Smith, status=Alive, species=Human, type=, gender=Female, origin=LocationSummaryDto(id=20, name=Earth (Replacement Dimension), type=Planet, dimension=Replacement Dimension), currentLocation=LocationSummaryDto(id=20, name=Earth (Replacement Dimension), type=Planet, dimension=Replacement Dimension), imageUrl=https://rickandmortyapi.com/api/character/avatar/3.jpeg)
2025-03-24 20:22:19 [http-nio-8081-exec-7] INFO  c.r.r.a.c.CharacterController - Character found: CharacterDto(id=5, name=Jerry Smith, status=Alive, species=Human, type=, gender=Male, origin=LocationSummaryDto(id=20, name=Earth (Replacement Dimension), type=Planet, dimension=Replacement Dimension), currentLocation=LocationSummaryDto(id=20, name=Earth (Replacement Dimension), type=Planet, dimension=Replacement Dimension), imageUrl=https://rickandmortyapi.com/api/character/avatar/5.jpeg)
2025-03-24 20:22:21 [http-nio-8081-exec-9] INFO  c.r.r.a.c.CharacterController - Character found: CharacterDto(id=6, name=Abadango Cluster Princess, status=Alive, species=Alien, type=, gender=Female, origin=LocationSummaryDto(id=2, name=Abadango, type=Cluster, dimension=unknown), currentLocation=LocationSummaryDto(id=2, name=Abadango, type=Cluster, dimension=unknown), imageUrl=https://rickandmortyapi.com/api/character/avatar/6.jpeg)
2025-03-24 20:23:08 [http-nio-8081-exec-3] INFO  c.r.r.a.c.CharacterController - Characters founded: 826
2025-03-24 20:23:10 [http-nio-8081-exec-6] INFO  c.r.r.a.c.CharacterController - Character found: CharacterDto(id=9, name=Agency Director, status=Dead, species=Human, type=, gender=Male, origin=LocationSummaryDto(id=20, name=Earth (Replacement Dimension), type=Planet, dimension=Replacement Dimension), currentLocation=LocationSummaryDto(id=20, name=Earth (Replacement Dimension), type=Planet, dimension=Replacement Dimension), imageUrl=https://rickandmortyapi.com/api/character/avatar/9.jpeg)
2025-03-24 20:23:12 [http-nio-8081-exec-8] INFO  c.r.r.a.c.CharacterController - Character found: CharacterDto(id=13, name=Alien Googah, status=unknown, species=Alien, type=, gender=unknown, origin=null, currentLocation=LocationSummaryDto(id=20, name=Earth (Replacement Dimension), type=Planet, dimension=Replacement Dimension), imageUrl=https://rickandmortyapi.com/api/character/avatar/13.jpeg)
2025-03-24 20:23:17 [http-nio-8081-exec-1] INFO  c.r.r.a.c.CharacterController - Character found: CharacterDto(id=18, name=Antenna Morty, status=Alive, species=Human, type=Human with antennae, gender=Male, origin=null, currentLocation=LocationSummaryDto(id=3, name=Citadel of Ricks, type=Space station, dimension=unknown), imageUrl=https://rickandmortyapi.com/api/character/avatar/18.jpeg)
2025-03-24 20:23:18 [http-nio-8081-exec-2] INFO  c.r.r.a.c.CharacterController - Characters founded: 826
2025-03-24 20:23:27 [http-nio-8081-exec-4] INFO  c.r.r.a.c.CharacterController - Character found: CharacterDto(id=27, name=Artist Morty, status=Alive, species=Human, type=, gender=Male, origin=null, currentLocation=LocationSummaryDto(id=3, name=Citadel of Ricks, type=Space station, dimension=unknown), imageUrl=https://rickandmortyapi.com/api/character/avatar/27.jpeg)
2025-03-24 20:23:30 [http-nio-8081-exec-6] INFO  c.r.r.a.c.CharacterController - Characters founded: 826
2025-03-24 20:23:36 [SpringApplicationShutdownHook] INFO  org.quartz.core.QuartzScheduler - Scheduler quartzScheduler_$_NON_CLUSTERED paused.
2025-03-24 20:23:36 [SpringApplicationShutdownHook] INFO  o.s.s.quartz.SchedulerFactoryBean - Shutting down Quartz Scheduler
2025-03-24 20:23:36 [SpringApplicationShutdownHook] INFO  org.quartz.core.QuartzScheduler - Scheduler quartzScheduler_$_NON_CLUSTERED shutting down.
2025-03-24 20:23:36 [SpringApplicationShutdownHook] INFO  org.quartz.core.QuartzScheduler - Scheduler quartzScheduler_$_NON_CLUSTERED paused.
2025-03-24 20:23:36 [SpringApplicationShutdownHook] INFO  org.quartz.core.QuartzScheduler - Scheduler quartzScheduler_$_NON_CLUSTERED shutdown complete.
2025-03-24 20:23:36 [SpringApplicationShutdownHook] INFO  o.s.o.j.LocalContainerEntityManagerFactoryBean - Closing JPA EntityManagerFactory for persistence unit 'default'
2025-03-24 20:23:36 [SpringApplicationShutdownHook] INFO  com.zaxxer.hikari.HikariDataSource - HikariPool-1 - Shutdown initiated...
2025-03-24 20:23:36 [SpringApplicationShutdownHook] INFO  com.zaxxer.hikari.HikariDataSource - HikariPool-1 - Shutdown completed.
2025-03-24 20:24:33 [restartedMain] INFO  c.r.r.RickMortyWebApiApplication - Starting RickMortyWebApiApplication using Java 23.0.1 with PID 22244 (C:\Users\Użytkownik\IdeaProjects\rick-morty-app\rick-morty-web-api\build\classes\java\main started by Użytkownik in C:\Users\Użytkownik\IdeaProjects\rick-morty-app)
2025-03-24 20:24:33 [restartedMain] INFO  c.r.r.RickMortyWebApiApplication - The following 1 profile is active: "dev"
2025-03-24 20:24:33 [restartedMain] INFO  o.s.b.d.e.DevToolsPropertyDefaultsPostProcessor - Devtools property defaults active! Set 'spring.devtools.add-properties' to 'false' to disable
2025-03-24 20:24:33 [restartedMain] INFO  o.s.b.d.e.DevToolsPropertyDefaultsPostProcessor - For additional web related logging consider setting the 'logging.level.web' property to 'DEBUG'
2025-03-24 20:24:34 [restartedMain] INFO  o.s.d.r.c.RepositoryConfigurationDelegate - Bootstrapping Spring Data JPA repositories in DEFAULT mode.
2025-03-24 20:24:34 [restartedMain] INFO  o.s.d.r.c.RepositoryConfigurationDelegate - Finished Spring Data repository scanning in 50 ms. Found 2 JPA repository interfaces.
2025-03-24 20:24:34 [restartedMain] INFO  o.s.d.r.c.RepositoryConfigurationDelegate - Bootstrapping Spring Data JPA repositories in DEFAULT mode.
2025-03-24 20:24:34 [restartedMain] INFO  o.s.d.r.c.RepositoryConfigurationDelegate - Finished Spring Data repository scanning in 13 ms. Found 3 JPA repository interfaces.
2025-03-24 20:24:35 [restartedMain] INFO  o.s.b.w.e.tomcat.TomcatWebServer - Tomcat initialized with port 8081 (http)
2025-03-24 20:24:35 [restartedMain] INFO  o.a.catalina.core.StandardService - Starting service [Tomcat]
2025-03-24 20:24:35 [restartedMain] INFO  o.a.catalina.core.StandardEngine - Starting Servlet engine: [Apache Tomcat/10.1.17]
2025-03-24 20:24:35 [restartedMain] INFO  o.a.c.c.C.[Tomcat].[localhost].[/] - Initializing Spring embedded WebApplicationContext
2025-03-24 20:24:35 [restartedMain] INFO  o.s.b.w.s.c.ServletWebServerApplicationContext - Root WebApplicationContext: initialization completed in 2226 ms
2025-03-24 20:24:35 [restartedMain] INFO  com.zaxxer.hikari.HikariDataSource - HikariPool-1 - Starting...
2025-03-24 20:24:35 [restartedMain] INFO  com.zaxxer.hikari.pool.HikariPool - HikariPool-1 - Added connection org.mariadb.jdbc.Connection@3a8927d3
2025-03-24 20:24:35 [restartedMain] INFO  com.zaxxer.hikari.HikariDataSource - HikariPool-1 - Start completed.
2025-03-24 20:24:35 [restartedMain] INFO  o.s.b.a.h.H2ConsoleAutoConfiguration - H2 console available at '/h2-console'. Database available at 'jdbc:mariadb://localhost:3307/rick_morty?user=root&password=***'
2025-03-24 20:24:35 [restartedMain] INFO  o.h.jpa.internal.util.LogHelper - HHH000204: Processing PersistenceUnitInfo [name: default]
2025-03-24 20:24:35 [restartedMain] INFO  org.hibernate.Version - HHH000412: Hibernate ORM core version 6.4.1.Final
2025-03-24 20:24:35 [restartedMain] INFO  o.h.c.i.RegionFactoryInitiator - HHH000026: Second-level cache disabled
2025-03-24 20:24:36 [restartedMain] INFO  o.s.o.j.p.SpringPersistenceUnitInfo - No LoadTimeWeaver setup: ignoring JPA class transformer
2025-03-24 20:24:37 [restartedMain] INFO  o.h.e.t.j.p.i.JtaPlatformInitiator - HHH000489: No JTA platform available (set 'hibernate.transaction.jta.platform' to enable JTA platform integration)
2025-03-24 20:24:37 [restartedMain] INFO  o.s.o.j.LocalContainerEntityManagerFactoryBean - Initialized JPA EntityManagerFactory for persistence unit 'default'
2025-03-24 20:24:37 [restartedMain] INFO  o.s.d.j.r.query.QueryEnhancerFactory - Hibernate is in classpath; If applicable, HQL parser will be used.
2025-03-24 20:24:38 [restartedMain] WARN  o.s.b.a.o.j.JpaBaseConfiguration$JpaWebConfiguration - spring.jpa.open-in-view is enabled by default. Therefore, database queries may be performed during view rendering. Explicitly configure spring.jpa.open-in-view to disable this warning
2025-03-24 20:24:38 [restartedMain] INFO  o.s.s.web.DefaultSecurityFilterChain - Will secure any request with [org.springframework.security.web.session.DisableEncodeUrlFilter@7172ad60, org.springframework.security.web.context.request.async.WebAsyncManagerIntegrationFilter@50a66568, org.springframework.security.web.context.SecurityContextHolderFilter@eb921e1, org.springframework.security.web.header.HeaderWriterFilter@5beb1a97, org.springframework.web.filter.CorsFilter@6d06b89a, org.springframework.security.web.csrf.CsrfFilter@728d7d9c, org.springframework.security.web.authentication.logout.LogoutFilter@23164cd0, org.springframework.security.web.savedrequest.RequestCacheAwareFilter@4bfeaf0c, org.springframework.security.web.servletapi.SecurityContextHolderAwareRequestFilter@30232aa4, org.springframework.security.web.authentication.AnonymousAuthenticationFilter@5823201d, org.springframework.security.web.access.ExceptionTranslationFilter@41f18959]
2025-03-24 20:24:39 [restartedMain] INFO  org.quartz.impl.StdSchedulerFactory - Using default implementation for ThreadExecutor
2025-03-24 20:24:39 [restartedMain] INFO  o.quartz.core.SchedulerSignalerImpl - Initialized Scheduler Signaller of type: class org.quartz.core.SchedulerSignalerImpl
2025-03-24 20:24:39 [restartedMain] INFO  org.quartz.core.QuartzScheduler - Quartz Scheduler v.2.3.2 created.
2025-03-24 20:24:39 [restartedMain] INFO  org.quartz.simpl.RAMJobStore - RAMJobStore initialized.
2025-03-24 20:24:39 [restartedMain] INFO  org.quartz.core.QuartzScheduler - Scheduler meta-data: Quartz Scheduler (v2.3.2) 'quartzScheduler' with instanceId 'NON_CLUSTERED'
  Scheduler class: 'org.quartz.core.QuartzScheduler' - running locally.
  NOT STARTED.
  Currently in standby mode.
  Number of jobs executed: 0
  Using thread pool 'org.quartz.simpl.SimpleThreadPool' - with 10 threads.
  Using job-store 'org.quartz.simpl.RAMJobStore' - which does not support persistence. and is not clustered.

2025-03-24 20:24:39 [restartedMain] INFO  org.quartz.impl.StdSchedulerFactory - Quartz scheduler 'quartzScheduler' initialized from an externally provided properties instance.
2025-03-24 20:24:39 [restartedMain] INFO  org.quartz.impl.StdSchedulerFactory - Quartz scheduler version: 2.3.2
2025-03-24 20:24:39 [restartedMain] INFO  org.quartz.core.QuartzScheduler - JobFactory set to: org.springframework.scheduling.quartz.SpringBeanJobFactory@2f7f5dc8
2025-03-24 20:24:39 [restartedMain] INFO  o.s.b.d.a.OptionalLiveReloadServer - LiveReload server is running on port 35729
2025-03-24 20:24:39 [restartedMain] INFO  o.s.b.w.e.tomcat.TomcatWebServer - Tomcat started on port 8081 (http) with context path ''
2025-03-24 20:24:39 [restartedMain] INFO  o.s.s.quartz.SchedulerFactoryBean - Starting Quartz Scheduler now
2025-03-24 20:24:39 [restartedMain] INFO  org.quartz.core.QuartzScheduler - Scheduler quartzScheduler_$_NON_CLUSTERED started.
2025-03-24 20:24:39 [restartedMain] INFO  c.r.r.RickMortyWebApiApplication - Started RickMortyWebApiApplication in 6.792 seconds (process running for 7.608)
2025-03-24 20:24:41 [http-nio-8081-exec-1] INFO  o.a.c.c.C.[Tomcat].[localhost].[/] - Initializing Spring DispatcherServlet 'dispatcherServlet'
2025-03-24 20:24:41 [http-nio-8081-exec-1] INFO  o.s.web.servlet.DispatcherServlet - Initializing Servlet 'dispatcherServlet'
2025-03-24 20:24:41 [http-nio-8081-exec-1] INFO  o.s.web.servlet.DispatcherServlet - Completed initialization in 1 ms
2025-03-24 20:24:42 [http-nio-8081-exec-1] INFO  c.r.r.a.c.CharacterController - Characters founded: 826
2025-03-24 20:26:18 [File Watcher] INFO  o.s.b.d.a.LocalDevToolsAutoConfiguration$RestartingClassPathChangeChangedEventListener - Restarting due to 3 class path changes (0 additions, 0 deletions, 3 modifications)
2025-03-24 20:26:18 [Thread-7] INFO  org.quartz.core.QuartzScheduler - Scheduler quartzScheduler_$_NON_CLUSTERED paused.
2025-03-24 20:26:18 [Thread-7] INFO  o.s.s.quartz.SchedulerFactoryBean - Shutting down Quartz Scheduler
2025-03-24 20:26:18 [Thread-7] INFO  org.quartz.core.QuartzScheduler - Scheduler quartzScheduler_$_NON_CLUSTERED shutting down.
2025-03-24 20:26:18 [Thread-7] INFO  org.quartz.core.QuartzScheduler - Scheduler quartzScheduler_$_NON_CLUSTERED paused.
2025-03-24 20:26:18 [Thread-7] INFO  org.quartz.core.QuartzScheduler - Scheduler quartzScheduler_$_NON_CLUSTERED shutdown complete.
2025-03-24 20:26:18 [Thread-7] INFO  o.s.o.j.LocalContainerEntityManagerFactoryBean - Closing JPA EntityManagerFactory for persistence unit 'default'
2025-03-24 20:26:18 [Thread-7] INFO  com.zaxxer.hikari.HikariDataSource - HikariPool-1 - Shutdown initiated...
2025-03-24 20:26:18 [Thread-7] INFO  com.zaxxer.hikari.HikariDataSource - HikariPool-1 - Shutdown completed.
2025-03-24 20:26:18 [restartedMain] INFO  c.r.r.RickMortyWebApiApplication - Starting RickMortyWebApiApplication using Java 23.0.1 with PID 22244 (C:\Users\Użytkownik\IdeaProjects\rick-morty-app\rick-morty-web-api\build\classes\java\main started by Użytkownik in C:\Users\Użytkownik\IdeaProjects\rick-morty-app)
2025-03-24 20:26:18 [restartedMain] INFO  c.r.r.RickMortyWebApiApplication - The following 1 profile is active: "dev"
2025-03-24 20:26:18 [restartedMain] INFO  o.s.d.r.c.RepositoryConfigurationDelegate - Bootstrapping Spring Data JPA repositories in DEFAULT mode.
2025-03-24 20:26:18 [restartedMain] INFO  o.s.d.r.c.RepositoryConfigurationDelegate - Finished Spring Data repository scanning in 11 ms. Found 2 JPA repository interfaces.
2025-03-24 20:26:18 [restartedMain] INFO  o.s.d.r.c.RepositoryConfigurationDelegate - Bootstrapping Spring Data JPA repositories in DEFAULT mode.
2025-03-24 20:26:19 [restartedMain] INFO  o.s.d.r.c.RepositoryConfigurationDelegate - Finished Spring Data repository scanning in 11 ms. Found 3 JPA repository interfaces.
2025-03-24 20:26:19 [restartedMain] INFO  o.s.b.w.e.tomcat.TomcatWebServer - Tomcat initialized with port 8081 (http)
2025-03-24 20:26:19 [restartedMain] INFO  o.a.catalina.core.StandardService - Starting service [Tomcat]
2025-03-24 20:26:19 [restartedMain] INFO  o.a.catalina.core.StandardEngine - Starting Servlet engine: [Apache Tomcat/10.1.17]
2025-03-24 20:26:19 [restartedMain] INFO  o.a.c.c.C.[Tomcat].[localhost].[/] - Initializing Spring embedded WebApplicationContext
2025-03-24 20:26:19 [restartedMain] INFO  o.s.b.w.s.c.ServletWebServerApplicationContext - Root WebApplicationContext: initialization completed in 832 ms
2025-03-24 20:26:19 [restartedMain] INFO  com.zaxxer.hikari.HikariDataSource - HikariPool-2 - Starting...
2025-03-24 20:26:19 [restartedMain] INFO  com.zaxxer.hikari.pool.HikariPool - HikariPool-2 - Added connection org.mariadb.jdbc.Connection@5051c9d7
2025-03-24 20:26:19 [restartedMain] INFO  com.zaxxer.hikari.HikariDataSource - HikariPool-2 - Start completed.
2025-03-24 20:26:19 [restartedMain] INFO  o.s.b.a.h.H2ConsoleAutoConfiguration - H2 console available at '/h2-console'. Database available at 'jdbc:mariadb://localhost:3307/rick_morty?user=root&password=***'
2025-03-24 20:26:19 [restartedMain] INFO  o.h.jpa.internal.util.LogHelper - HHH000204: Processing PersistenceUnitInfo [name: default]
2025-03-24 20:26:19 [restartedMain] INFO  o.h.c.i.RegionFactoryInitiator - HHH000026: Second-level cache disabled
2025-03-24 20:26:19 [restartedMain] INFO  o.s.o.j.p.SpringPersistenceUnitInfo - No LoadTimeWeaver setup: ignoring JPA class transformer
2025-03-24 20:26:19 [restartedMain] INFO  o.h.e.t.j.p.i.JtaPlatformInitiator - HHH000489: No JTA platform available (set 'hibernate.transaction.jta.platform' to enable JTA platform integration)
2025-03-24 20:26:19 [restartedMain] INFO  o.s.o.j.LocalContainerEntityManagerFactoryBean - Initialized JPA EntityManagerFactory for persistence unit 'default'
2025-03-24 20:26:19 [restartedMain] WARN  o.s.b.a.o.j.JpaBaseConfiguration$JpaWebConfiguration - spring.jpa.open-in-view is enabled by default. Therefore, database queries may be performed during view rendering. Explicitly configure spring.jpa.open-in-view to disable this warning
2025-03-24 20:26:19 [restartedMain] INFO  o.s.s.web.DefaultSecurityFilterChain - Will secure any request with [org.springframework.security.web.session.DisableEncodeUrlFilter@32779315, org.springframework.security.web.context.request.async.WebAsyncManagerIntegrationFilter@167308dc, org.springframework.security.web.context.SecurityContextHolderFilter@25f93ff0, org.springframework.security.web.header.HeaderWriterFilter@cdb8cd1, org.springframework.web.filter.CorsFilter@f060ffd, org.springframework.security.web.csrf.CsrfFilter@32f143e3, org.springframework.security.web.authentication.logout.LogoutFilter@534e77ad, org.springframework.security.web.savedrequest.RequestCacheAwareFilter@1d2f9ef7, org.springframework.security.web.servletapi.SecurityContextHolderAwareRequestFilter@6f496d3a, org.springframework.security.web.authentication.AnonymousAuthenticationFilter@2f55f2af, org.springframework.security.web.access.ExceptionTranslationFilter@5634941c]
2025-03-24 20:26:20 [restartedMain] INFO  org.quartz.impl.StdSchedulerFactory - Using default implementation for ThreadExecutor
2025-03-24 20:26:20 [restartedMain] INFO  o.quartz.core.SchedulerSignalerImpl - Initialized Scheduler Signaller of type: class org.quartz.core.SchedulerSignalerImpl
2025-03-24 20:26:20 [restartedMain] INFO  org.quartz.core.QuartzScheduler - Quartz Scheduler v.2.3.2 created.
2025-03-24 20:26:20 [restartedMain] INFO  org.quartz.simpl.RAMJobStore - RAMJobStore initialized.
2025-03-24 20:26:20 [restartedMain] INFO  org.quartz.core.QuartzScheduler - Scheduler meta-data: Quartz Scheduler (v2.3.2) 'quartzScheduler' with instanceId 'NON_CLUSTERED'
  Scheduler class: 'org.quartz.core.QuartzScheduler' - running locally.
  NOT STARTED.
  Currently in standby mode.
  Number of jobs executed: 0
  Using thread pool 'org.quartz.simpl.SimpleThreadPool' - with 10 threads.
  Using job-store 'org.quartz.simpl.RAMJobStore' - which does not support persistence. and is not clustered.

2025-03-24 20:26:20 [restartedMain] INFO  org.quartz.impl.StdSchedulerFactory - Quartz scheduler 'quartzScheduler' initialized from an externally provided properties instance.
2025-03-24 20:26:20 [restartedMain] INFO  org.quartz.impl.StdSchedulerFactory - Quartz scheduler version: 2.3.2
2025-03-24 20:26:20 [restartedMain] INFO  org.quartz.core.QuartzScheduler - JobFactory set to: org.springframework.scheduling.quartz.SpringBeanJobFactory@696b9dfd
2025-03-24 20:26:20 [restartedMain] INFO  o.s.b.d.a.OptionalLiveReloadServer - LiveReload server is running on port 35729
2025-03-24 20:26:20 [restartedMain] INFO  o.s.b.w.e.tomcat.TomcatWebServer - Tomcat started on port 8081 (http) with context path ''
2025-03-24 20:26:20 [restartedMain] INFO  o.s.s.quartz.SchedulerFactoryBean - Starting Quartz Scheduler now
2025-03-24 20:26:20 [restartedMain] INFO  org.quartz.core.QuartzScheduler - Scheduler quartzScheduler_$_NON_CLUSTERED started.
2025-03-24 20:26:20 [restartedMain] INFO  c.r.r.RickMortyWebApiApplication - Started RickMortyWebApiApplication in 1.781 seconds (process running for 108.609)
2025-03-24 20:26:20 [restartedMain] INFO  o.s.b.d.a.ConditionEvaluationDeltaLoggingListener - Condition evaluation unchanged
2025-03-24 20:26:21 [File Watcher] INFO  o.s.b.d.a.LocalDevToolsAutoConfiguration$RestartingClassPathChangeChangedEventListener - Restarting due to 3 class path changes (0 additions, 0 deletions, 3 modifications)
2025-03-24 20:26:21 [Thread-9] INFO  org.quartz.core.QuartzScheduler - Scheduler quartzScheduler_$_NON_CLUSTERED paused.
2025-03-24 20:26:21 [Thread-9] INFO  o.s.s.quartz.SchedulerFactoryBean - Shutting down Quartz Scheduler
2025-03-24 20:26:21 [Thread-9] INFO  org.quartz.core.QuartzScheduler - Scheduler quartzScheduler_$_NON_CLUSTERED shutting down.
2025-03-24 20:26:21 [Thread-9] INFO  org.quartz.core.QuartzScheduler - Scheduler quartzScheduler_$_NON_CLUSTERED paused.
2025-03-24 20:26:21 [Thread-9] INFO  org.quartz.core.QuartzScheduler - Scheduler quartzScheduler_$_NON_CLUSTERED shutdown complete.
2025-03-24 20:26:21 [Thread-9] INFO  o.s.o.j.LocalContainerEntityManagerFactoryBean - Closing JPA EntityManagerFactory for persistence unit 'default'
2025-03-24 20:26:21 [Thread-9] INFO  com.zaxxer.hikari.HikariDataSource - HikariPool-2 - Shutdown initiated...
2025-03-24 20:26:21 [Thread-9] INFO  com.zaxxer.hikari.HikariDataSource - HikariPool-2 - Shutdown completed.
2025-03-24 20:26:21 [restartedMain] INFO  c.r.r.RickMortyWebApiApplication - Starting RickMortyWebApiApplication using Java 23.0.1 with PID 22244 (C:\Users\Użytkownik\IdeaProjects\rick-morty-app\rick-morty-web-api\build\classes\java\main started by Użytkownik in C:\Users\Użytkownik\IdeaProjects\rick-morty-app)
2025-03-24 20:26:21 [restartedMain] INFO  c.r.r.RickMortyWebApiApplication - The following 1 profile is active: "dev"
2025-03-24 20:26:22 [restartedMain] INFO  o.s.d.r.c.RepositoryConfigurationDelegate - Bootstrapping Spring Data JPA repositories in DEFAULT mode.
2025-03-24 20:26:22 [restartedMain] INFO  o.s.d.r.c.RepositoryConfigurationDelegate - Finished Spring Data repository scanning in 11 ms. Found 2 JPA repository interfaces.
2025-03-24 20:26:22 [restartedMain] INFO  o.s.d.r.c.RepositoryConfigurationDelegate - Bootstrapping Spring Data JPA repositories in DEFAULT mode.
2025-03-24 20:26:22 [restartedMain] INFO  o.s.d.r.c.RepositoryConfigurationDelegate - Finished Spring Data repository scanning in 11 ms. Found 3 JPA repository interfaces.
2025-03-24 20:26:22 [restartedMain] INFO  o.s.b.w.e.tomcat.TomcatWebServer - Tomcat initialized with port 8081 (http)
2025-03-24 20:26:22 [restartedMain] INFO  o.a.catalina.core.StandardService - Starting service [Tomcat]
2025-03-24 20:26:22 [restartedMain] INFO  o.a.catalina.core.StandardEngine - Starting Servlet engine: [Apache Tomcat/10.1.17]
2025-03-24 20:26:22 [restartedMain] INFO  o.a.c.c.C.[Tomcat].[localhost].[/] - Initializing Spring embedded WebApplicationContext
2025-03-24 20:26:22 [restartedMain] INFO  o.s.b.w.s.c.ServletWebServerApplicationContext - Root WebApplicationContext: initialization completed in 729 ms
2025-03-24 20:26:22 [restartedMain] INFO  com.zaxxer.hikari.HikariDataSource - HikariPool-3 - Starting...
2025-03-24 20:26:22 [restartedMain] INFO  com.zaxxer.hikari.pool.HikariPool - HikariPool-3 - Added connection org.mariadb.jdbc.Connection@3636a91f
2025-03-24 20:26:22 [restartedMain] INFO  com.zaxxer.hikari.HikariDataSource - HikariPool-3 - Start completed.
2025-03-24 20:26:22 [restartedMain] INFO  o.s.b.a.h.H2ConsoleAutoConfiguration - H2 console available at '/h2-console'. Database available at 'jdbc:mariadb://localhost:3307/rick_morty?user=user&password=***'
2025-03-24 20:26:22 [restartedMain] INFO  o.h.jpa.internal.util.LogHelper - HHH000204: Processing PersistenceUnitInfo [name: default]
2025-03-24 20:26:22 [restartedMain] INFO  o.h.c.i.RegionFactoryInitiator - HHH000026: Second-level cache disabled
2025-03-24 20:26:22 [restartedMain] INFO  o.s.o.j.p.SpringPersistenceUnitInfo - No LoadTimeWeaver setup: ignoring JPA class transformer
2025-03-24 20:26:22 [restartedMain] INFO  o.h.e.t.j.p.i.JtaPlatformInitiator - HHH000489: No JTA platform available (set 'hibernate.transaction.jta.platform' to enable JTA platform integration)
2025-03-24 20:26:22 [restartedMain] INFO  o.s.o.j.LocalContainerEntityManagerFactoryBean - Initialized JPA EntityManagerFactory for persistence unit 'default'
2025-03-24 20:26:22 [restartedMain] WARN  o.s.b.a.o.j.JpaBaseConfiguration$JpaWebConfiguration - spring.jpa.open-in-view is enabled by default. Therefore, database queries may be performed during view rendering. Explicitly configure spring.jpa.open-in-view to disable this warning
2025-03-24 20:26:23 [restartedMain] INFO  o.s.s.web.DefaultSecurityFilterChain - Will secure any request with [org.springframework.security.web.session.DisableEncodeUrlFilter@5031342, org.springframework.security.web.context.request.async.WebAsyncManagerIntegrationFilter@6d4f953a, org.springframework.security.web.context.SecurityContextHolderFilter@1b37113c, org.springframework.security.web.header.HeaderWriterFilter@6f4c10af, org.springframework.web.filter.CorsFilter@3f26b2d9, org.springframework.security.web.csrf.CsrfFilter@24cc0d70, org.springframework.security.web.authentication.logout.LogoutFilter@7bec0d98, org.springframework.security.web.savedrequest.RequestCacheAwareFilter@5fd438a7, org.springframework.security.web.servletapi.SecurityContextHolderAwareRequestFilter@5737e26a, org.springframework.security.web.authentication.AnonymousAuthenticationFilter@24bde868, org.springframework.security.web.access.ExceptionTranslationFilter@76ffd28d]
2025-03-24 20:26:23 [restartedMain] INFO  org.quartz.impl.StdSchedulerFactory - Using default implementation for ThreadExecutor
2025-03-24 20:26:23 [restartedMain] INFO  o.quartz.core.SchedulerSignalerImpl - Initialized Scheduler Signaller of type: class org.quartz.core.SchedulerSignalerImpl
2025-03-24 20:26:23 [restartedMain] INFO  org.quartz.core.QuartzScheduler - Quartz Scheduler v.2.3.2 created.
2025-03-24 20:26:23 [restartedMain] INFO  org.quartz.simpl.RAMJobStore - RAMJobStore initialized.
2025-03-24 20:26:23 [restartedMain] INFO  org.quartz.core.QuartzScheduler - Scheduler meta-data: Quartz Scheduler (v2.3.2) 'quartzScheduler' with instanceId 'NON_CLUSTERED'
  Scheduler class: 'org.quartz.core.QuartzScheduler' - running locally.
  NOT STARTED.
  Currently in standby mode.
  Number of jobs executed: 0
  Using thread pool 'org.quartz.simpl.SimpleThreadPool' - with 10 threads.
  Using job-store 'org.quartz.simpl.RAMJobStore' - which does not support persistence. and is not clustered.

2025-03-24 20:26:23 [restartedMain] INFO  org.quartz.impl.StdSchedulerFactory - Quartz scheduler 'quartzScheduler' initialized from an externally provided properties instance.
2025-03-24 20:26:23 [restartedMain] INFO  org.quartz.impl.StdSchedulerFactory - Quartz scheduler version: 2.3.2
2025-03-24 20:26:23 [restartedMain] INFO  org.quartz.core.QuartzScheduler - JobFactory set to: org.springframework.scheduling.quartz.SpringBeanJobFactory@692e2fce
2025-03-24 20:26:23 [restartedMain] INFO  o.s.b.d.a.OptionalLiveReloadServer - LiveReload server is running on port 35729
2025-03-24 20:26:23 [restartedMain] INFO  o.s.b.w.e.tomcat.TomcatWebServer - Tomcat started on port 8081 (http) with context path ''
2025-03-24 20:26:23 [restartedMain] INFO  o.s.s.quartz.SchedulerFactoryBean - Starting Quartz Scheduler now
2025-03-24 20:26:23 [restartedMain] INFO  org.quartz.core.QuartzScheduler - Scheduler quartzScheduler_$_NON_CLUSTERED started.
2025-03-24 20:26:23 [restartedMain] INFO  c.r.r.RickMortyWebApiApplication - Started RickMortyWebApiApplication in 1.507 seconds (process running for 111.623)
2025-03-24 20:26:23 [restartedMain] INFO  o.s.b.d.a.ConditionEvaluationDeltaLoggingListener - Condition evaluation unchanged
2025-03-24 20:28:08 [SpringApplicationShutdownHook] INFO  org.quartz.core.QuartzScheduler - Scheduler quartzScheduler_$_NON_CLUSTERED paused.
2025-03-24 20:28:08 [SpringApplicationShutdownHook] INFO  o.s.s.quartz.SchedulerFactoryBean - Shutting down Quartz Scheduler
2025-03-24 20:28:08 [SpringApplicationShutdownHook] INFO  org.quartz.core.QuartzScheduler - Scheduler quartzScheduler_$_NON_CLUSTERED shutting down.
2025-03-24 20:28:08 [SpringApplicationShutdownHook] INFO  org.quartz.core.QuartzScheduler - Scheduler quartzScheduler_$_NON_CLUSTERED paused.
2025-03-24 20:28:08 [SpringApplicationShutdownHook] INFO  org.quartz.core.QuartzScheduler - Scheduler quartzScheduler_$_NON_CLUSTERED shutdown complete.
2025-03-24 20:28:08 [SpringApplicationShutdownHook] INFO  o.s.o.j.LocalContainerEntityManagerFactoryBean - Closing JPA EntityManagerFactory for persistence unit 'default'
2025-03-24 20:28:08 [SpringApplicationShutdownHook] INFO  com.zaxxer.hikari.HikariDataSource - HikariPool-3 - Shutdown initiated...
2025-03-24 20:28:08 [SpringApplicationShutdownHook] INFO  com.zaxxer.hikari.HikariDataSource - HikariPool-3 - Shutdown completed.
2025-03-24 20:35:01 [restartedMain] INFO  c.r.r.RickMortyWebApiApplication - Starting RickMortyWebApiApplication using Java 23.0.1 with PID 17404 (C:\Users\Użytkownik\IdeaProjects\rick-morty-app\rick-morty-web-api\build\classes\java\main started by Użytkownik in C:\Users\Użytkownik\IdeaProjects\rick-morty-app)
2025-03-24 20:35:01 [restartedMain] INFO  c.r.r.RickMortyWebApiApplication - The following 1 profile is active: "dev"
2025-03-24 20:35:01 [restartedMain] INFO  o.s.b.d.e.DevToolsPropertyDefaultsPostProcessor - Devtools property defaults active! Set 'spring.devtools.add-properties' to 'false' to disable
2025-03-24 20:35:01 [restartedMain] INFO  o.s.b.d.e.DevToolsPropertyDefaultsPostProcessor - For additional web related logging consider setting the 'logging.level.web' property to 'DEBUG'
2025-03-24 20:35:02 [restartedMain] INFO  o.s.d.r.c.RepositoryConfigurationDelegate - Bootstrapping Spring Data JPA repositories in DEFAULT mode.
2025-03-24 20:35:02 [restartedMain] INFO  o.s.d.r.c.RepositoryConfigurationDelegate - Finished Spring Data repository scanning in 51 ms. Found 2 JPA repository interfaces.
2025-03-24 20:35:02 [restartedMain] INFO  o.s.d.r.c.RepositoryConfigurationDelegate - Bootstrapping Spring Data JPA repositories in DEFAULT mode.
2025-03-24 20:35:02 [restartedMain] INFO  o.s.d.r.c.RepositoryConfigurationDelegate - Finished Spring Data repository scanning in 15 ms. Found 3 JPA repository interfaces.
2025-03-24 20:35:03 [restartedMain] INFO  o.s.b.w.e.tomcat.TomcatWebServer - Tomcat initialized with port 8081 (http)
2025-03-24 20:35:03 [restartedMain] INFO  o.a.catalina.core.StandardService - Starting service [Tomcat]
2025-03-24 20:35:03 [restartedMain] INFO  o.a.catalina.core.StandardEngine - Starting Servlet engine: [Apache Tomcat/10.1.17]
2025-03-24 20:35:03 [restartedMain] INFO  o.a.c.c.C.[Tomcat].[localhost].[/] - Initializing Spring embedded WebApplicationContext
2025-03-24 20:35:03 [restartedMain] INFO  o.s.b.w.s.c.ServletWebServerApplicationContext - Root WebApplicationContext: initialization completed in 2254 ms
2025-03-24 20:35:03 [restartedMain] INFO  com.zaxxer.hikari.HikariDataSource - HikariPool-1 - Starting...
2025-03-24 20:35:03 [restartedMain] INFO  com.zaxxer.hikari.pool.HikariPool - HikariPool-1 - Added connection org.mariadb.jdbc.Connection@5389f818
2025-03-24 20:35:03 [restartedMain] INFO  com.zaxxer.hikari.HikariDataSource - HikariPool-1 - Start completed.
2025-03-24 20:35:03 [restartedMain] INFO  o.s.b.a.h.H2ConsoleAutoConfiguration - H2 console available at '/h2-console'. Database available at 'jdbc:mariadb://localhost:3307/rick_morty?user=user&password=***'
2025-03-24 20:35:03 [restartedMain] INFO  o.h.jpa.internal.util.LogHelper - HHH000204: Processing PersistenceUnitInfo [name: default]
2025-03-24 20:35:04 [restartedMain] INFO  org.hibernate.Version - HHH000412: Hibernate ORM core version 6.4.1.Final
2025-03-24 20:35:04 [restartedMain] INFO  o.h.c.i.RegionFactoryInitiator - HHH000026: Second-level cache disabled
2025-03-24 20:35:04 [restartedMain] INFO  o.s.o.j.p.SpringPersistenceUnitInfo - No LoadTimeWeaver setup: ignoring JPA class transformer
2025-03-24 20:35:05 [restartedMain] INFO  o.h.e.t.j.p.i.JtaPlatformInitiator - HHH000489: No JTA platform available (set 'hibernate.transaction.jta.platform' to enable JTA platform integration)
2025-03-24 20:35:05 [restartedMain] INFO  o.s.o.j.LocalContainerEntityManagerFactoryBean - Initialized JPA EntityManagerFactory for persistence unit 'default'
2025-03-24 20:35:05 [restartedMain] INFO  o.s.d.j.r.query.QueryEnhancerFactory - Hibernate is in classpath; If applicable, HQL parser will be used.
2025-03-24 20:35:06 [restartedMain] WARN  o.s.b.a.o.j.JpaBaseConfiguration$JpaWebConfiguration - spring.jpa.open-in-view is enabled by default. Therefore, database queries may be performed during view rendering. Explicitly configure spring.jpa.open-in-view to disable this warning
2025-03-24 20:35:07 [restartedMain] INFO  o.s.s.web.DefaultSecurityFilterChain - Will secure any request with [org.springframework.security.web.session.DisableEncodeUrlFilter@2f11e836, org.springframework.security.web.context.request.async.WebAsyncManagerIntegrationFilter@4ed670d9, org.springframework.security.web.context.SecurityContextHolderFilter@a598987, org.springframework.security.web.header.HeaderWriterFilter@33375ec3, org.springframework.web.filter.CorsFilter@4e983257, org.springframework.security.web.csrf.CsrfFilter@b358ad7, org.springframework.security.web.authentication.logout.LogoutFilter@4c3a2f1f, org.springframework.security.web.savedrequest.RequestCacheAwareFilter@4ef89b31, org.springframework.security.web.servletapi.SecurityContextHolderAwareRequestFilter@2881a8bd, org.springframework.security.web.authentication.AnonymousAuthenticationFilter@5fcef706, org.springframework.security.web.access.ExceptionTranslationFilter@19585ca4]
2025-03-24 20:35:07 [restartedMain] INFO  org.quartz.impl.StdSchedulerFactory - Using default implementation for ThreadExecutor
2025-03-24 20:35:07 [restartedMain] INFO  o.quartz.core.SchedulerSignalerImpl - Initialized Scheduler Signaller of type: class org.quartz.core.SchedulerSignalerImpl
2025-03-24 20:35:07 [restartedMain] INFO  org.quartz.core.QuartzScheduler - Quartz Scheduler v.2.3.2 created.
2025-03-24 20:35:07 [restartedMain] INFO  org.quartz.simpl.RAMJobStore - RAMJobStore initialized.
2025-03-24 20:35:07 [restartedMain] INFO  org.quartz.core.QuartzScheduler - Scheduler meta-data: Quartz Scheduler (v2.3.2) 'quartzScheduler' with instanceId 'NON_CLUSTERED'
  Scheduler class: 'org.quartz.core.QuartzScheduler' - running locally.
  NOT STARTED.
  Currently in standby mode.
  Number of jobs executed: 0
  Using thread pool 'org.quartz.simpl.SimpleThreadPool' - with 10 threads.
  Using job-store 'org.quartz.simpl.RAMJobStore' - which does not support persistence. and is not clustered.

2025-03-24 20:35:07 [restartedMain] INFO  org.quartz.impl.StdSchedulerFactory - Quartz scheduler 'quartzScheduler' initialized from an externally provided properties instance.
2025-03-24 20:35:07 [restartedMain] INFO  org.quartz.impl.StdSchedulerFactory - Quartz scheduler version: 2.3.2
2025-03-24 20:35:07 [restartedMain] INFO  org.quartz.core.QuartzScheduler - JobFactory set to: org.springframework.scheduling.quartz.SpringBeanJobFactory@59aa74d6
2025-03-24 20:35:07 [restartedMain] INFO  o.s.b.d.a.OptionalLiveReloadServer - LiveReload server is running on port 35729
2025-03-24 20:35:07 [restartedMain] INFO  o.s.b.w.e.tomcat.TomcatWebServer - Tomcat started on port 8081 (http) with context path ''
2025-03-24 20:35:07 [restartedMain] INFO  o.s.s.quartz.SchedulerFactoryBean - Starting Quartz Scheduler now
2025-03-24 20:35:07 [restartedMain] INFO  org.quartz.core.QuartzScheduler - Scheduler quartzScheduler_$_NON_CLUSTERED started.
2025-03-24 20:35:07 [restartedMain] INFO  c.r.r.RickMortyWebApiApplication - Started RickMortyWebApiApplication in 7.014 seconds (process running for 7.847)
2025-03-24 20:35:09 [http-nio-8081-exec-1] INFO  o.a.c.c.C.[Tomcat].[localhost].[/] - Initializing Spring DispatcherServlet 'dispatcherServlet'
2025-03-24 20:35:09 [http-nio-8081-exec-1] INFO  o.s.web.servlet.DispatcherServlet - Initializing Servlet 'dispatcherServlet'
2025-03-24 20:35:09 [http-nio-8081-exec-1] INFO  o.s.web.servlet.DispatcherServlet - Completed initialization in 1 ms
2025-03-24 20:35:10 [http-nio-8081-exec-1] INFO  c.r.r.a.c.CharacterController - Characters founded: 826
2025-03-24 20:35:52 [http-nio-8081-exec-5] INFO  c.r.r.a.c.LocationController - Locations founded: 126
2025-03-24 20:35:52 [http-nio-8081-exec-6] INFO  c.r.r.a.c.CharacterController - Characters founded: 826
2025-03-24 20:36:15 [http-nio-8081-exec-1] INFO  c.r.r.a.c.CharacterController - Characters founded: 826
2025-03-24 20:36:39 [http-nio-8081-exec-3] INFO  c.r.r.a.c.CharacterController - Characters founded: 826
2025-03-24 20:36:42 [http-nio-8081-exec-4] INFO  c.r.r.a.c.LocationController - Locations founded: 126
2025-03-24 20:37:02 [http-nio-8081-exec-5] INFO  c.r.r.a.c.LocationController - Locations founded: 126
2025-03-24 20:37:02 [http-nio-8081-exec-6] INFO  c.r.r.a.c.CharacterController - Characters founded: 826
2025-03-24 20:45:13 [http-nio-8081-exec-1] INFO  c.r.r.a.c.CharacterController - Characters founded: 826
2025-03-24 20:45:29 [http-nio-8081-exec-4] INFO  c.r.r.a.controller.EpisodeController - Found 51 episodes
2025-03-24 20:45:29 [http-nio-8081-exec-2] INFO  c.r.r.a.c.CharacterController - Characters founded: 826
2025-03-24 20:45:40 [http-nio-8081-exec-7] INFO  c.r.r.a.c.LocationController - Locations founded: 126
2025-03-24 20:45:41 [http-nio-8081-exec-8] INFO  c.r.r.a.c.CharacterController - Characters founded: 826
2025-03-24 20:48:12 [http-nio-8081-exec-10] INFO  c.r.r.a.c.LocationController - Locations founded: 126
2025-03-24 20:48:12 [http-nio-8081-exec-1] INFO  c.r.r.a.c.CharacterController - Characters founded: 826
2025-03-24 20:48:12 [http-nio-8081-exec-3] INFO  c.r.r.a.c.CharacterController - Characters founded: 826
2025-03-24 20:48:32 [http-nio-8081-exec-6] INFO  c.r.r.a.c.CharacterController - Characters founded: 826
2025-03-24 20:48:34 [http-nio-8081-exec-8] INFO  c.r.r.a.c.LocationController - Locations founded: 126
2025-03-24 20:50:19 [http-nio-8081-exec-1] INFO  c.r.r.a.c.CharacterController - Characters founded: 826
2025-03-24 20:50:20 [http-nio-8081-exec-4] INFO  c.r.r.a.controller.EpisodeController - Found 51 episodes
2025-03-24 20:50:21 [http-nio-8081-exec-5] INFO  c.r.r.a.c.LocationController - Locations founded: 126
2025-03-24 20:50:30 [http-nio-8081-exec-10] INFO  c.r.r.a.c.CharacterController - Characters founded: 826
2025-03-24 20:50:33 [http-nio-8081-exec-4] INFO  c.r.r.a.c.LocationController - Locations founded: 126
2025-03-24 20:50:34 [http-nio-8081-exec-5] INFO  c.r.r.a.controller.EpisodeController - Found 51 episodes
2025-03-24 20:50:40 [http-nio-8081-exec-6] INFO  c.r.r.a.c.CharacterController - Characters founded: 826
2025-03-24 20:50:43 [http-nio-8081-exec-7] INFO  c.r.r.a.c.LocationController - Locations founded: 126
2025-03-24 20:51:20 [http-nio-8081-exec-9] INFO  c.r.r.a.c.LocationController - Locations founded: 126
2025-03-24 20:51:20 [http-nio-8081-exec-10] INFO  c.r.r.a.c.CharacterController - Characters founded: 826
2025-03-24 20:51:21 [http-nio-8081-exec-4] INFO  c.r.r.a.controller.EpisodeController - Found 51 episodes
2025-03-24 20:51:48 [http-nio-8081-exec-5] INFO  c.r.r.a.c.LocationController - Locations founded: 126
2025-03-24 20:51:48 [http-nio-8081-exec-6] INFO  c.r.r.a.c.CharacterController - Characters founded: 826
2025-03-24 20:51:55 [http-nio-8081-exec-9] INFO  c.r.r.a.controller.EpisodeController - Found 51 episodes
